<?xml version="1.0" encoding="UTF-8"?>
<!-- Generated by org.testng.reporters.JUnitReportReporter -->
<testsuite hostname="LTIN184278" failures="0" tests="1" name="testCases.TestCase02" time="25.544" errors="0" timestamp="2024-03-16T20:33:12 IST" skipped="0">
  <testcase classname="testCases.TestCase02" name="test2" time="25.544"/>
</testsuite> <!-- testCases.TestCase02 -->
