<?xml version="1.0" encoding="UTF-8"?>
<!-- Generated by org.testng.reporters.JUnitReportReporter -->
<testsuite hostname="LTIN184278" failures="0" tests="1" name="testCases.TestCase03" time="6.196" errors="0" timestamp="2024-03-16T20:33:12 IST" skipped="0">
  <testcase classname="testCases.TestCase03" name="test1" time="6.196"/>
</testsuite> <!-- testCases.TestCase03 -->
